setup clustering class
clustering with 3 clusters
[0, 1, 2]
rank 0 
cluster 0 
cluster label 0 
['../c3-template/./output/rmfs//15.rmf3|3580', '../c3-template/./output/rmfs//15.rmf3|3581', '../c3-2/./output/rmfs//10.rmf3|804', '../c3-2/./output/rmfs//27.rmf3|3442', '../c3-2/./output/rmfs//27.rmf3|3683', '../c3-2/./output/rmfs//27.rmf3|3595', '../c3-template/./output/rmfs//3.rmf3|1378', '../c3-template/./output/rmfs//1.rmf3|1584', '../c3-2/./output/rmfs//29.rmf3|2248', '../c3-2/./output/rmfs//8.rmf3|998', '../c3-template/./output/rmfs//9.rmf3|1557', '../c3-template/./output/rmfs//15.rmf3|3445', '../c3-template/./output/rmfs//28.rmf3|3455', '../c3-template/./output/rmfs//20.rmf3|3020', '../c3-template/./output/rmfs//6.rmf3|2891', '../c3-2/./output/rmfs//8.rmf3|997', '../c3-2/./output/rmfs//27.rmf3|3667', '../c3-template/./output/rmfs//2.rmf3|950', '../c3-2/./output/rmfs//29.rmf3|5265', '../c3-2/./output/rmfs//4.rmf3|2787', '../c3-template/./output/rmfs//20.rmf3|2225', '../c3-2/./output/rmfs//3.rmf3|1937', '../c3-template/./output/rmfs//20.rmf3|785', '../c3-2/./output/rmfs//22.rmf3|2206', '../c3-2/./output/rmfs//3.rmf3|2322', '../c3-template/./output/rmfs//15.rmf3|4844', '../c3-2/./output/rmfs//27.rmf3|3670', '../c3-template/./output/rmfs//20.rmf3|2711', '../c3-template/./output/rmfs//5.rmf3|1045', '../c3-2/./output/rmfs//16.rmf3|1266', '../c3-template/./output/rmfs//20.rmf3|2689', '../c3-2/./output/rmfs//27.rmf3|3392', '../c3-2/./output/rmfs//26.rmf3|3431', '../c3-template/./output/rmfs//14.rmf3|1534', '../c3-2/./output/rmfs//27.rmf3|2493', '../c3-template/./output/rmfs//0.rmf3|1446', '../c3-2/./output/rmfs//29.rmf3|5641', '../c3-2/./output/rmfs//3.rmf3|1032', '../c3-template/./output/rmfs//20.rmf3|2212', '../c3-2/./output/rmfs//9.rmf3|865', '../c3-2/./output/rmfs//4.rmf3|2751', '../c3-2/./output/rmfs//4.rmf3|2756', '../c3-template/./output/rmfs//15.rmf3|3399', '../c3-2/./output/rmfs//7.rmf3|901', '../c3-template/./output/rmfs//14.rmf3|1680', '../c3-template/./output/rmfs//5.rmf3|482', '../c3-template/./output/rmfs//28.rmf3|2945', '../c3-template/./output/rmfs//30.rmf3|2445', '../c3-template/./output/rmfs//28.rmf3|2949', '../c3-template/./output/rmfs//9.rmf3|1585', '../c3-2/./output/rmfs//4.rmf3|2503', '../c3-template/./output/rmfs//5.rmf3|382', '../c3-2/./output/rmfs//4.rmf3|2435']
getting coordinates for frame 3580 rmf file ../c3-template/./output/rmfs//15.rmf3
linking hierarchies for frame 3581 rmf file ../c3-template/./output/rmfs//15.rmf3
linking hierarchies for frame 804 rmf file ../c3-2/./output/rmfs//10.rmf3
linking hierarchies for frame 3442 rmf file ../c3-2/./output/rmfs//27.rmf3
linking hierarchies for frame 3683 rmf file ../c3-2/./output/rmfs//27.rmf3
linking hierarchies for frame 3595 rmf file ../c3-2/./output/rmfs//27.rmf3
linking hierarchies for frame 1378 rmf file ../c3-template/./output/rmfs//3.rmf3
linking hierarchies for frame 1584 rmf file ../c3-template/./output/rmfs//1.rmf3
linking hierarchies for frame 2248 rmf file ../c3-2/./output/rmfs//29.rmf3
linking hierarchies for frame 998 rmf file ../c3-2/./output/rmfs//8.rmf3
linking hierarchies for frame 1557 rmf file ../c3-template/./output/rmfs//9.rmf3
linking hierarchies for frame 3445 rmf file ../c3-template/./output/rmfs//15.rmf3
linking hierarchies for frame 3455 rmf file ../c3-template/./output/rmfs//28.rmf3
linking hierarchies for frame 3020 rmf file ../c3-template/./output/rmfs//20.rmf3
linking hierarchies for frame 2891 rmf file ../c3-template/./output/rmfs//6.rmf3
linking hierarchies for frame 997 rmf file ../c3-2/./output/rmfs//8.rmf3
linking hierarchies for frame 3667 rmf file ../c3-2/./output/rmfs//27.rmf3
linking hierarchies for frame 950 rmf file ../c3-template/./output/rmfs//2.rmf3
linking hierarchies for frame 5265 rmf file ../c3-2/./output/rmfs//29.rmf3
linking hierarchies for frame 2787 rmf file ../c3-2/./output/rmfs//4.rmf3
linking hierarchies for frame 2225 rmf file ../c3-template/./output/rmfs//20.rmf3
linking hierarchies for frame 1937 rmf file ../c3-2/./output/rmfs//3.rmf3
linking hierarchies for frame 785 rmf file ../c3-template/./output/rmfs//20.rmf3
linking hierarchies for frame 2206 rmf file ../c3-2/./output/rmfs//22.rmf3
linking hierarchies for frame 2322 rmf file ../c3-2/./output/rmfs//3.rmf3
linking hierarchies for frame 4844 rmf file ../c3-template/./output/rmfs//15.rmf3
linking hierarchies for frame 3670 rmf file ../c3-2/./output/rmfs//27.rmf3
linking hierarchies for frame 2711 rmf file ../c3-template/./output/rmfs//20.rmf3
linking hierarchies for frame 1045 rmf file ../c3-template/./output/rmfs//5.rmf3
linking hierarchies for frame 1266 rmf file ../c3-2/./output/rmfs//16.rmf3
linking hierarchies for frame 2689 rmf file ../c3-template/./output/rmfs//20.rmf3
linking hierarchies for frame 3392 rmf file ../c3-2/./output/rmfs//27.rmf3
linking hierarchies for frame 3431 rmf file ../c3-2/./output/rmfs//26.rmf3
linking hierarchies for frame 1534 rmf file ../c3-template/./output/rmfs//14.rmf3
linking hierarchies for frame 2493 rmf file ../c3-2/./output/rmfs//27.rmf3
linking hierarchies for frame 1446 rmf file ../c3-template/./output/rmfs//0.rmf3
linking hierarchies for frame 5641 rmf file ../c3-2/./output/rmfs//29.rmf3
linking hierarchies for frame 1032 rmf file ../c3-2/./output/rmfs//3.rmf3
linking hierarchies for frame 2212 rmf file ../c3-template/./output/rmfs//20.rmf3
linking hierarchies for frame 865 rmf file ../c3-2/./output/rmfs//9.rmf3
linking hierarchies for frame 2751 rmf file ../c3-2/./output/rmfs//4.rmf3
linking hierarchies for frame 2756 rmf file ../c3-2/./output/rmfs//4.rmf3
linking hierarchies for frame 3399 rmf file ../c3-template/./output/rmfs//15.rmf3
linking hierarchies for frame 901 rmf file ../c3-2/./output/rmfs//7.rmf3
linking hierarchies for frame 1680 rmf file ../c3-template/./output/rmfs//14.rmf3
linking hierarchies for frame 482 rmf file ../c3-template/./output/rmfs//5.rmf3
linking hierarchies for frame 2945 rmf file ../c3-template/./output/rmfs//28.rmf3
linking hierarchies for frame 2445 rmf file ../c3-template/./output/rmfs//30.rmf3
linking hierarchies for frame 2949 rmf file ../c3-template/./output/rmfs//28.rmf3
linking hierarchies for frame 1585 rmf file ../c3-template/./output/rmfs//9.rmf3
linking hierarchies for frame 2503 rmf file ../c3-2/./output/rmfs//4.rmf3
linking hierarchies for frame 382 rmf file ../c3-template/./output/rmfs//5.rmf3
linking hierarchies for frame 2435 rmf file ../c3-2/./output/rmfs//4.rmf3
rank 0 
cluster 1 
cluster label 1 
['../c3-2/./output/rmfs//4.rmf3|4366', '../c3-template/./output/rmfs//20.rmf3|2274', '../c3-2/./output/rmfs//29.rmf3|2028', '../c3-template/./output/rmfs//30.rmf3|916', '../c3-template/./output/rmfs//30.rmf3|918', '../c3-2/./output/rmfs//16.rmf3|3347', '../c3-template/./output/rmfs//26.rmf3|1348', '../c3-2/./output/rmfs//4.rmf3|3479', '../c3-template/./output/rmfs//15.rmf3|2192', '../c3-template/./output/rmfs//14.rmf3|1469', '../c3-2/./output/rmfs//16.rmf3|1630', '../c3-template/./output/rmfs//9.rmf3|1244', '../c3-2/./output/rmfs//29.rmf3|4638', '../c3-2/./output/rmfs//16.rmf3|3353', '../c3-template/./output/rmfs//30.rmf3|964', '../c3-template/./output/rmfs//28.rmf3|4860', '../c3-template/./output/rmfs//28.rmf3|4861', '../c3-template/./output/rmfs//28.rmf3|3865', '../c3-2/./output/rmfs//16.rmf3|1795', '../c3-2/./output/rmfs//29.rmf3|5715', '../c3-template/./output/rmfs//15.rmf3|2163', '../c3-2/./output/rmfs//22.rmf3|2113', '../c3-template/./output/rmfs//9.rmf3|1176', '../c3-template/./output/rmfs//9.rmf3|1175', '../c3-template/./output/rmfs//30.rmf3|3028', '../c3-template/./output/rmfs//26.rmf3|2543', '../c3-2/./output/rmfs//20.rmf3|2333', '../c3-2/./output/rmfs//29.rmf3|4564', '../c3-2/./output/rmfs//29.rmf3|4845', '../c3-2/./output/rmfs//16.rmf3|3098', '../c3-template/./output/rmfs//25.rmf3|2677', '../c3-2/./output/rmfs//16.rmf3|3097', '../c3-template/./output/rmfs//9.rmf3|1206', '../c3-2/./output/rmfs//11.rmf3|555', '../c3-2/./output/rmfs//27.rmf3|3149', '../c3-template/./output/rmfs//28.rmf3|4149', '../c3-template/./output/rmfs//1.rmf3|3472', '../c3-2/./output/rmfs//29.rmf3|7654', '../c3-template/./output/rmfs//15.rmf3|2304', '../c3-2/./output/rmfs//20.rmf3|2545', '../c3-2/./output/rmfs//20.rmf3|2538', '../c3-template/./output/rmfs//15.rmf3|3339', '../c3-2/./output/rmfs//29.rmf3|4819', '../c3-template/./output/rmfs//30.rmf3|985']
getting coordinates for frame 4366 rmf file ../c3-2/./output/rmfs//4.rmf3
linking hierarchies for frame 2274 rmf file ../c3-template/./output/rmfs//20.rmf3
linking hierarchies for frame 2028 rmf file ../c3-2/./output/rmfs//29.rmf3
linking hierarchies for frame 916 rmf file ../c3-template/./output/rmfs//30.rmf3
linking hierarchies for frame 918 rmf file ../c3-template/./output/rmfs//30.rmf3
linking hierarchies for frame 3347 rmf file ../c3-2/./output/rmfs//16.rmf3
linking hierarchies for frame 1348 rmf file ../c3-template/./output/rmfs//26.rmf3
linking hierarchies for frame 3479 rmf file ../c3-2/./output/rmfs//4.rmf3
linking hierarchies for frame 2192 rmf file ../c3-template/./output/rmfs//15.rmf3
linking hierarchies for frame 1469 rmf file ../c3-template/./output/rmfs//14.rmf3
linking hierarchies for frame 1630 rmf file ../c3-2/./output/rmfs//16.rmf3
linking hierarchies for frame 1244 rmf file ../c3-template/./output/rmfs//9.rmf3
linking hierarchies for frame 4638 rmf file ../c3-2/./output/rmfs//29.rmf3
linking hierarchies for frame 3353 rmf file ../c3-2/./output/rmfs//16.rmf3
linking hierarchies for frame 964 rmf file ../c3-template/./output/rmfs//30.rmf3
linking hierarchies for frame 4860 rmf file ../c3-template/./output/rmfs//28.rmf3
linking hierarchies for frame 4861 rmf file ../c3-template/./output/rmfs//28.rmf3
linking hierarchies for frame 3865 rmf file ../c3-template/./output/rmfs//28.rmf3
linking hierarchies for frame 1795 rmf file ../c3-2/./output/rmfs//16.rmf3
linking hierarchies for frame 5715 rmf file ../c3-2/./output/rmfs//29.rmf3
linking hierarchies for frame 2163 rmf file ../c3-template/./output/rmfs//15.rmf3
linking hierarchies for frame 2113 rmf file ../c3-2/./output/rmfs//22.rmf3
linking hierarchies for frame 1176 rmf file ../c3-template/./output/rmfs//9.rmf3
linking hierarchies for frame 1175 rmf file ../c3-template/./output/rmfs//9.rmf3
linking hierarchies for frame 3028 rmf file ../c3-template/./output/rmfs//30.rmf3
linking hierarchies for frame 2543 rmf file ../c3-template/./output/rmfs//26.rmf3
linking hierarchies for frame 2333 rmf file ../c3-2/./output/rmfs//20.rmf3
linking hierarchies for frame 4564 rmf file ../c3-2/./output/rmfs//29.rmf3
linking hierarchies for frame 4845 rmf file ../c3-2/./output/rmfs//29.rmf3
linking hierarchies for frame 3098 rmf file ../c3-2/./output/rmfs//16.rmf3
linking hierarchies for frame 2677 rmf file ../c3-template/./output/rmfs//25.rmf3
linking hierarchies for frame 3097 rmf file ../c3-2/./output/rmfs//16.rmf3
linking hierarchies for frame 1206 rmf file ../c3-template/./output/rmfs//9.rmf3
linking hierarchies for frame 555 rmf file ../c3-2/./output/rmfs//11.rmf3
linking hierarchies for frame 3149 rmf file ../c3-2/./output/rmfs//27.rmf3
linking hierarchies for frame 4149 rmf file ../c3-template/./output/rmfs//28.rmf3
linking hierarchies for frame 3472 rmf file ../c3-template/./output/rmfs//1.rmf3
linking hierarchies for frame 7654 rmf file ../c3-2/./output/rmfs//29.rmf3
linking hierarchies for frame 2304 rmf file ../c3-template/./output/rmfs//15.rmf3
linking hierarchies for frame 2545 rmf file ../c3-2/./output/rmfs//20.rmf3
linking hierarchies for frame 2538 rmf file ../c3-2/./output/rmfs//20.rmf3
linking hierarchies for frame 3339 rmf file ../c3-template/./output/rmfs//15.rmf3
linking hierarchies for frame 4819 rmf file ../c3-2/./output/rmfs//29.rmf3
linking hierarchies for frame 985 rmf file ../c3-template/./output/rmfs//30.rmf3
rank 0 
cluster 2 
cluster label 2 
['../c3-2/./output/rmfs//16.rmf3|1747', '../c3-template/./output/rmfs//14.rmf3|3081', '../c3-template/./output/rmfs//1.rmf3|1601', '../c3-2/./output/rmfs//20.rmf3|1545', '../c3-template/./output/rmfs//25.rmf3|2477', '../c3-2/./output/rmfs//27.rmf3|3440', '../c3-2/./output/rmfs//29.rmf3|3487', '../c3-template/./output/rmfs//25.rmf3|1072', '../c3-2/./output/rmfs//16.rmf3|2738', '../c3-2/./output/rmfs//20.rmf3|2440', '../c3-template/./output/rmfs//21.rmf3|1293', '../c3-2/./output/rmfs//4.rmf3|2975', '../c3-template/./output/rmfs//30.rmf3|2038', '../c3-template/./output/rmfs//25.rmf3|2465', '../c3-template/./output/rmfs//14.rmf3|3405', '../c3-2/./output/rmfs//6.rmf3|873', '../c3-2/./output/rmfs//20.rmf3|2367', '../c3-2/./output/rmfs//10.rmf3|2872', '../c3-2/./output/rmfs//8.rmf3|915', '../c3-2/./output/rmfs//9.rmf3|3237', '../c3-2/./output/rmfs//3.rmf3|4523', '../c3-template/./output/rmfs//25.rmf3|2632', '../c3-template/./output/rmfs//20.rmf3|2801', '../c3-2/./output/rmfs//27.rmf3|2982', '../c3-2/./output/rmfs//16.rmf3|1175', '../c3-2/./output/rmfs//20.rmf3|2501', '../c3-template/./output/rmfs//28.rmf3|2983', '../c3-template/./output/rmfs//20.rmf3|2781', '../c3-template/./output/rmfs//3.rmf3|1403', '../c3-template/./output/rmfs//21.rmf3|1280', '../c3-2/./output/rmfs//4.rmf3|2419', '../c3-template/./output/rmfs//20.rmf3|437', '../c3-template/./output/rmfs//30.rmf3|2059', '../c3-2/./output/rmfs//16.rmf3|1321', '../c3-2/./output/rmfs//16.rmf3|1524', '../c3-template/./output/rmfs//20.rmf3|2817', '../c3-2/./output/rmfs//27.rmf3|2965', '../c3-template/./output/rmfs//20.rmf3|3156', '../c3-template/./output/rmfs//28.rmf3|2856', '../c3-2/./output/rmfs//12.rmf3|1931', '../c3-template/./output/rmfs//30.rmf3|2048', '../c3-template/./output/rmfs//30.rmf3|2047', '../c3-2/./output/rmfs//16.rmf3|5175', '../c3-template/./output/rmfs//30.rmf3|2040', '../c3-2/./output/rmfs//8.rmf3|1039', '../c3-template/./output/rmfs//28.rmf3|5034', '../c3-template/./output/rmfs//0.rmf3|677', '../c3-template/./output/rmfs//21.rmf3|1619', '../c3-2/./output/rmfs//6.rmf3|811', '../c3-2/./output/rmfs//20.rmf3|1746', '../c3-2/./output/rmfs//29.rmf3|4514', '../c3-template/./output/rmfs//14.rmf3|2344', '../c3-template/./output/rmfs//28.rmf3|3826', '../c3-2/./output/rmfs//29.rmf3|3207', '../c3-2/./output/rmfs//3.rmf3|4515', '../c3-2/./output/rmfs//16.rmf3|2920', '../c3-2/./output/rmfs//29.rmf3|2510', '../c3-2/./output/rmfs//26.rmf3|3253', '../c3-template/./output/rmfs//20.rmf3|2724', '../c3-template/./output/rmfs//28.rmf3|2968', '../c3-2/./output/rmfs//8.rmf3|1021', '../c3-2/./output/rmfs//9.rmf3|3238', '../c3-template/./output/rmfs//15.rmf3|4145', '../c3-2/./output/rmfs//20.rmf3|2231', '../c3-2/./output/rmfs//4.rmf3|4466', '../c3-2/./output/rmfs//9.rmf3|897', '../c3-template/./output/rmfs//30.rmf3|1846', '../c3-2/./output/rmfs//4.rmf3|4987', '../c3-2/./output/rmfs//4.rmf3|4981', '../c3-template/./output/rmfs//12.rmf3|722', '../c3-template/./output/rmfs//15.rmf3|3419', '../c3-template/./output/rmfs//15.rmf3|3523', '../c3-template/./output/rmfs//28.rmf3|3261', '../c3-2/./output/rmfs//6.rmf3|877', '../c3-2/./output/rmfs//27.rmf3|3417', '../c3-template/./output/rmfs//20.rmf3|2743', '../c3-template/./output/rmfs//28.rmf3|3827', '../c3-template/./output/rmfs//15.rmf3|3529', '../c3-template/./output/rmfs//14.rmf3|1432', '../c3-template/./output/rmfs//7.rmf3|1721', '../c3-2/./output/rmfs//6.rmf3|878', '../c3-template/./output/rmfs//28.rmf3|4076', '../c3-template/./output/rmfs//0.rmf3|950', '../c3-2/./output/rmfs//16.rmf3|2903', '../c3-template/./output/rmfs//25.rmf3|1765', '../c3-template/./output/rmfs//14.rmf3|1570', '../c3-template/./output/rmfs//15.rmf3|3485', '../c3-template/./output/rmfs//9.rmf3|1110', '../c3-template/./output/rmfs//28.rmf3|4674', '../c3-template/./output/rmfs//28.rmf3|4765', '../c3-2/./output/rmfs//24.rmf3|777', '../c3-template/./output/rmfs//20.rmf3|2779', '../c3-2/./output/rmfs//4.rmf3|4417', '../c3-template/./output/rmfs//20.rmf3|2824', '../c3-2/./output/rmfs//29.rmf3|5551', '../c3-2/./output/rmfs//16.rmf3|1598', '../c3-2/./output/rmfs//9.rmf3|635', '../c3-2/./output/rmfs//20.rmf3|2265', '../c3-2/./output/rmfs//20.rmf3|1871', '../c3-template/./output/rmfs//30.rmf3|4400', '../c3-2/./output/rmfs//29.rmf3|1668', '../c3-template/./output/rmfs//28.rmf3|3484', '../c3-2/./output/rmfs//16.rmf3|1087']
getting coordinates for frame 1747 rmf file ../c3-2/./output/rmfs//16.rmf3
linking hierarchies for frame 3081 rmf file ../c3-template/./output/rmfs//14.rmf3
linking hierarchies for frame 1601 rmf file ../c3-template/./output/rmfs//1.rmf3
linking hierarchies for frame 1545 rmf file ../c3-2/./output/rmfs//20.rmf3
linking hierarchies for frame 2477 rmf file ../c3-template/./output/rmfs//25.rmf3
linking hierarchies for frame 3440 rmf file ../c3-2/./output/rmfs//27.rmf3
linking hierarchies for frame 3487 rmf file ../c3-2/./output/rmfs//29.rmf3
linking hierarchies for frame 1072 rmf file ../c3-template/./output/rmfs//25.rmf3
linking hierarchies for frame 2738 rmf file ../c3-2/./output/rmfs//16.rmf3
linking hierarchies for frame 2440 rmf file ../c3-2/./output/rmfs//20.rmf3
linking hierarchies for frame 1293 rmf file ../c3-template/./output/rmfs//21.rmf3
linking hierarchies for frame 2975 rmf file ../c3-2/./output/rmfs//4.rmf3
linking hierarchies for frame 2038 rmf file ../c3-template/./output/rmfs//30.rmf3
linking hierarchies for frame 2465 rmf file ../c3-template/./output/rmfs//25.rmf3
linking hierarchies for frame 3405 rmf file ../c3-template/./output/rmfs//14.rmf3
linking hierarchies for frame 873 rmf file ../c3-2/./output/rmfs//6.rmf3
linking hierarchies for frame 2367 rmf file ../c3-2/./output/rmfs//20.rmf3
linking hierarchies for frame 2872 rmf file ../c3-2/./output/rmfs//10.rmf3
linking hierarchies for frame 915 rmf file ../c3-2/./output/rmfs//8.rmf3
linking hierarchies for frame 3237 rmf file ../c3-2/./output/rmfs//9.rmf3
linking hierarchies for frame 4523 rmf file ../c3-2/./output/rmfs//3.rmf3
linking hierarchies for frame 2632 rmf file ../c3-template/./output/rmfs//25.rmf3
linking hierarchies for frame 2801 rmf file ../c3-template/./output/rmfs//20.rmf3
linking hierarchies for frame 2982 rmf file ../c3-2/./output/rmfs//27.rmf3
linking hierarchies for frame 1175 rmf file ../c3-2/./output/rmfs//16.rmf3
linking hierarchies for frame 2501 rmf file ../c3-2/./output/rmfs//20.rmf3
linking hierarchies for frame 2983 rmf file ../c3-template/./output/rmfs//28.rmf3
linking hierarchies for frame 2781 rmf file ../c3-template/./output/rmfs//20.rmf3
linking hierarchies for frame 1403 rmf file ../c3-template/./output/rmfs//3.rmf3
linking hierarchies for frame 1280 rmf file ../c3-template/./output/rmfs//21.rmf3
linking hierarchies for frame 2419 rmf file ../c3-2/./output/rmfs//4.rmf3
linking hierarchies for frame 437 rmf file ../c3-template/./output/rmfs//20.rmf3
linking hierarchies for frame 2059 rmf file ../c3-template/./output/rmfs//30.rmf3
linking hierarchies for frame 1321 rmf file ../c3-2/./output/rmfs//16.rmf3
linking hierarchies for frame 1524 rmf file ../c3-2/./output/rmfs//16.rmf3
linking hierarchies for frame 2817 rmf file ../c3-template/./output/rmfs//20.rmf3
linking hierarchies for frame 2965 rmf file ../c3-2/./output/rmfs//27.rmf3
linking hierarchies for frame 3156 rmf file ../c3-template/./output/rmfs//20.rmf3
linking hierarchies for frame 2856 rmf file ../c3-template/./output/rmfs//28.rmf3
linking hierarchies for frame 1931 rmf file ../c3-2/./output/rmfs//12.rmf3
linking hierarchies for frame 2048 rmf file ../c3-template/./output/rmfs//30.rmf3
linking hierarchies for frame 2047 rmf file ../c3-template/./output/rmfs//30.rmf3
linking hierarchies for frame 5175 rmf file ../c3-2/./output/rmfs//16.rmf3
linking hierarchies for frame 2040 rmf file ../c3-template/./output/rmfs//30.rmf3
linking hierarchies for frame 1039 rmf file ../c3-2/./output/rmfs//8.rmf3
linking hierarchies for frame 5034 rmf file ../c3-template/./output/rmfs//28.rmf3
linking hierarchies for frame 677 rmf file ../c3-template/./output/rmfs//0.rmf3
linking hierarchies for frame 1619 rmf file ../c3-template/./output/rmfs//21.rmf3
linking hierarchies for frame 811 rmf file ../c3-2/./output/rmfs//6.rmf3
linking hierarchies for frame 1746 rmf file ../c3-2/./output/rmfs//20.rmf3
linking hierarchies for frame 4514 rmf file ../c3-2/./output/rmfs//29.rmf3
linking hierarchies for frame 2344 rmf file ../c3-template/./output/rmfs//14.rmf3
linking hierarchies for frame 3826 rmf file ../c3-template/./output/rmfs//28.rmf3
linking hierarchies for frame 3207 rmf file ../c3-2/./output/rmfs//29.rmf3
linking hierarchies for frame 4515 rmf file ../c3-2/./output/rmfs//3.rmf3
linking hierarchies for frame 2920 rmf file ../c3-2/./output/rmfs//16.rmf3
linking hierarchies for frame 2510 rmf file ../c3-2/./output/rmfs//29.rmf3
linking hierarchies for frame 3253 rmf file ../c3-2/./output/rmfs//26.rmf3
linking hierarchies for frame 2724 rmf file ../c3-template/./output/rmfs//20.rmf3
linking hierarchies for frame 2968 rmf file ../c3-template/./output/rmfs//28.rmf3
linking hierarchies for frame 1021 rmf file ../c3-2/./output/rmfs//8.rmf3
linking hierarchies for frame 3238 rmf file ../c3-2/./output/rmfs//9.rmf3
linking hierarchies for frame 4145 rmf file ../c3-template/./output/rmfs//15.rmf3
linking hierarchies for frame 2231 rmf file ../c3-2/./output/rmfs//20.rmf3
linking hierarchies for frame 4466 rmf file ../c3-2/./output/rmfs//4.rmf3
linking hierarchies for frame 897 rmf file ../c3-2/./output/rmfs//9.rmf3
linking hierarchies for frame 1846 rmf file ../c3-template/./output/rmfs//30.rmf3
linking hierarchies for frame 4987 rmf file ../c3-2/./output/rmfs//4.rmf3
linking hierarchies for frame 4981 rmf file ../c3-2/./output/rmfs//4.rmf3
linking hierarchies for frame 722 rmf file ../c3-template/./output/rmfs//12.rmf3
linking hierarchies for frame 3419 rmf file ../c3-template/./output/rmfs//15.rmf3
linking hierarchies for frame 3523 rmf file ../c3-template/./output/rmfs//15.rmf3
linking hierarchies for frame 3261 rmf file ../c3-template/./output/rmfs//28.rmf3
linking hierarchies for frame 877 rmf file ../c3-2/./output/rmfs//6.rmf3
linking hierarchies for frame 3417 rmf file ../c3-2/./output/rmfs//27.rmf3
linking hierarchies for frame 2743 rmf file ../c3-template/./output/rmfs//20.rmf3
linking hierarchies for frame 3827 rmf file ../c3-template/./output/rmfs//28.rmf3
linking hierarchies for frame 3529 rmf file ../c3-template/./output/rmfs//15.rmf3
linking hierarchies for frame 1432 rmf file ../c3-template/./output/rmfs//14.rmf3
linking hierarchies for frame 1721 rmf file ../c3-template/./output/rmfs//7.rmf3
linking hierarchies for frame 878 rmf file ../c3-2/./output/rmfs//6.rmf3
linking hierarchies for frame 4076 rmf file ../c3-template/./output/rmfs//28.rmf3
linking hierarchies for frame 950 rmf file ../c3-template/./output/rmfs//0.rmf3
linking hierarchies for frame 2903 rmf file ../c3-2/./output/rmfs//16.rmf3
linking hierarchies for frame 1765 rmf file ../c3-template/./output/rmfs//25.rmf3
linking hierarchies for frame 1570 rmf file ../c3-template/./output/rmfs//14.rmf3
linking hierarchies for frame 3485 rmf file ../c3-template/./output/rmfs//15.rmf3
linking hierarchies for frame 1110 rmf file ../c3-template/./output/rmfs//9.rmf3
linking hierarchies for frame 4674 rmf file ../c3-template/./output/rmfs//28.rmf3
linking hierarchies for frame 4765 rmf file ../c3-template/./output/rmfs//28.rmf3
linking hierarchies for frame 777 rmf file ../c3-2/./output/rmfs//24.rmf3
linking hierarchies for frame 2779 rmf file ../c3-template/./output/rmfs//20.rmf3
linking hierarchies for frame 4417 rmf file ../c3-2/./output/rmfs//4.rmf3
linking hierarchies for frame 2824 rmf file ../c3-template/./output/rmfs//20.rmf3
linking hierarchies for frame 5551 rmf file ../c3-2/./output/rmfs//29.rmf3
linking hierarchies for frame 1598 rmf file ../c3-2/./output/rmfs//16.rmf3
linking hierarchies for frame 635 rmf file ../c3-2/./output/rmfs//9.rmf3
linking hierarchies for frame 2265 rmf file ../c3-2/./output/rmfs//20.rmf3
linking hierarchies for frame 1871 rmf file ../c3-2/./output/rmfs//20.rmf3
linking hierarchies for frame 4400 rmf file ../c3-template/./output/rmfs//30.rmf3
linking hierarchies for frame 1668 rmf file ../c3-2/./output/rmfs//29.rmf3
linking hierarchies for frame 3484 rmf file ../c3-template/./output/rmfs//28.rmf3
linking hierarchies for frame 1087 rmf file ../c3-2/./output/rmfs//16.rmf3
