getting coordinates for frame 0 rmf file kmeans_weight_0_500_1//cluster.0/25.rmf3
linking coordinates for frame 0 rmf file kmeans_weight_0_500_1//cluster.0/167.rmf3
linking coordinates for frame 0 rmf file kmeans_weight_0_500_1//cluster.0/87.rmf3
linking coordinates for frame 0 rmf file kmeans_weight_0_500_1//cluster.0/156.rmf3
linking coordinates for frame 0 rmf file kmeans_weight_0_500_1//cluster.0/14.rmf3
linking coordinates for frame 0 rmf file kmeans_weight_0_500_1//cluster.0/134.rmf3
linking coordinates for frame 0 rmf file kmeans_weight_0_500_1//cluster.0/196.rmf3
linking coordinates for frame 0 rmf file kmeans_weight_0_500_1//cluster.0/76.rmf3
linking coordinates for frame 0 rmf file kmeans_weight_0_500_1//cluster.0/47.rmf3
linking coordinates for frame 0 rmf file kmeans_weight_0_500_1//cluster.0/0.rmf3
linking coordinates for frame 0 rmf file kmeans_weight_0_500_1//cluster.0/105.rmf3
linking coordinates for frame 0 rmf file kmeans_weight_0_500_1//cluster.0/119.rmf3
linking coordinates for frame 0 rmf file kmeans_weight_0_500_1//cluster.0/152.rmf3
linking coordinates for frame 0 rmf file kmeans_weight_0_500_1//cluster.0/10.rmf3
linking coordinates for frame 0 rmf file kmeans_weight_0_500_1//cluster.0/21.rmf3
linking coordinates for frame 0 rmf file kmeans_weight_0_500_1//cluster.0/163.rmf3
linking coordinates for frame 0 rmf file kmeans_weight_0_500_1//cluster.0/128.rmf3
linking coordinates for frame 0 rmf file kmeans_weight_0_500_1//cluster.0/83.rmf3
linking coordinates for frame 0 rmf file kmeans_weight_0_500_1//cluster.0/43.rmf3
linking coordinates for frame 0 rmf file kmeans_weight_0_500_1//cluster.0/4.rmf3
linking coordinates for frame 0 rmf file kmeans_weight_0_500_1//cluster.0/101.rmf3
linking coordinates for frame 0 rmf file kmeans_weight_0_500_1//cluster.0/130.rmf3
linking coordinates for frame 0 rmf file kmeans_weight_0_500_1//cluster.0/192.rmf3
linking coordinates for frame 0 rmf file kmeans_weight_0_500_1//cluster.0/39.rmf3
linking coordinates for frame 0 rmf file kmeans_weight_0_500_1//cluster.0/72.rmf3
linking coordinates for frame 0 rmf file kmeans_weight_0_500_1//cluster.0/177.rmf3
linking coordinates for frame 0 rmf file kmeans_weight_0_500_1//cluster.0/97.rmf3
linking coordinates for frame 0 rmf file kmeans_weight_0_500_1//cluster.0/35.rmf3
linking coordinates for frame 0 rmf file kmeans_weight_0_500_1//cluster.0/146.rmf3
linking coordinates for frame 0 rmf file kmeans_weight_0_500_1//cluster.0/8.rmf3
linking coordinates for frame 0 rmf file kmeans_weight_0_500_1//cluster.0/186.rmf3
linking coordinates for frame 0 rmf file kmeans_weight_0_500_1//cluster.0/66.rmf3
linking coordinates for frame 0 rmf file kmeans_weight_0_500_1//cluster.0/124.rmf3
linking coordinates for frame 0 rmf file kmeans_weight_0_500_1//cluster.0/115.rmf3
linking coordinates for frame 0 rmf file kmeans_weight_0_500_1//cluster.0/57.rmf3
linking coordinates for frame 0 rmf file kmeans_weight_0_500_1//cluster.0/142.rmf3
linking coordinates for frame 0 rmf file kmeans_weight_0_500_1//cluster.0/109.rmf3
linking coordinates for frame 0 rmf file kmeans_weight_0_500_1//cluster.0/138.rmf3
linking coordinates for frame 0 rmf file kmeans_weight_0_500_1//cluster.0/173.rmf3
linking coordinates for frame 0 rmf file kmeans_weight_0_500_1//cluster.0/93.rmf3
linking coordinates for frame 0 rmf file kmeans_weight_0_500_1//cluster.0/31.rmf3
linking coordinates for frame 0 rmf file kmeans_weight_0_500_1//cluster.0/111.rmf3
linking coordinates for frame 0 rmf file kmeans_weight_0_500_1//cluster.0/18.rmf3
linking coordinates for frame 0 rmf file kmeans_weight_0_500_1//cluster.0/53.rmf3
linking coordinates for frame 0 rmf file kmeans_weight_0_500_1//cluster.0/182.rmf3
linking coordinates for frame 0 rmf file kmeans_weight_0_500_1//cluster.0/62.rmf3
linking coordinates for frame 0 rmf file kmeans_weight_0_500_1//cluster.0/29.rmf3
linking coordinates for frame 0 rmf file kmeans_weight_0_500_1//cluster.0/120.rmf3
linking coordinates for frame 0 rmf file kmeans_weight_0_500_1//cluster.0/96.rmf3
linking coordinates for frame 0 rmf file kmeans_weight_0_500_1//cluster.0/176.rmf3
linking coordinates for frame 0 rmf file kmeans_weight_0_500_1//cluster.0/34.rmf3
linking coordinates for frame 0 rmf file kmeans_weight_0_500_1//cluster.0/9.rmf3
linking coordinates for frame 0 rmf file kmeans_weight_0_500_1//cluster.0/147.rmf3
linking coordinates for frame 0 rmf file kmeans_weight_0_500_1//cluster.0/67.rmf3
linking coordinates for frame 0 rmf file kmeans_weight_0_500_1//cluster.0/187.rmf3
linking coordinates for frame 0 rmf file kmeans_weight_0_500_1//cluster.0/125.rmf3
linking coordinates for frame 0 rmf file kmeans_weight_0_500_1//cluster.0/114.rmf3
linking coordinates for frame 0 rmf file kmeans_weight_0_500_1//cluster.0/56.rmf3
linking coordinates for frame 0 rmf file kmeans_weight_0_500_1//cluster.0/108.rmf3
linking coordinates for frame 0 rmf file kmeans_weight_0_500_1//cluster.0/143.rmf3
linking coordinates for frame 0 rmf file kmeans_weight_0_500_1//cluster.0/92.rmf3
linking coordinates for frame 0 rmf file kmeans_weight_0_500_1//cluster.0/172.rmf3
linking coordinates for frame 0 rmf file kmeans_weight_0_500_1//cluster.0/139.rmf3
linking coordinates for frame 0 rmf file kmeans_weight_0_500_1//cluster.0/30.rmf3
linking coordinates for frame 0 rmf file kmeans_weight_0_500_1//cluster.0/110.rmf3
linking coordinates for frame 0 rmf file kmeans_weight_0_500_1//cluster.0/52.rmf3
linking coordinates for frame 0 rmf file kmeans_weight_0_500_1//cluster.0/19.rmf3
linking coordinates for frame 0 rmf file kmeans_weight_0_500_1//cluster.0/28.rmf3
linking coordinates for frame 0 rmf file kmeans_weight_0_500_1//cluster.0/63.rmf3
linking coordinates for frame 0 rmf file kmeans_weight_0_500_1//cluster.0/183.rmf3
linking coordinates for frame 0 rmf file kmeans_weight_0_500_1//cluster.0/121.rmf3
linking coordinates for frame 0 rmf file kmeans_weight_0_500_1//cluster.0/24.rmf3
linking coordinates for frame 0 rmf file kmeans_weight_0_500_1//cluster.0/86.rmf3
linking coordinates for frame 0 rmf file kmeans_weight_0_500_1//cluster.0/166.rmf3
linking coordinates for frame 0 rmf file kmeans_weight_0_500_1//cluster.0/157.rmf3
linking coordinates for frame 0 rmf file kmeans_weight_0_500_1//cluster.0/15.rmf3
linking coordinates for frame 0 rmf file kmeans_weight_0_500_1//cluster.0/135.rmf3
linking coordinates for frame 0 rmf file kmeans_weight_0_500_1//cluster.0/77.rmf3
linking coordinates for frame 0 rmf file kmeans_weight_0_500_1//cluster.0/197.rmf3
linking coordinates for frame 0 rmf file kmeans_weight_0_500_1//cluster.0/46.rmf3
linking coordinates for frame 0 rmf file kmeans_weight_0_500_1//cluster.0/104.rmf3
linking coordinates for frame 0 rmf file kmeans_weight_0_500_1//cluster.0/1.rmf3
linking coordinates for frame 0 rmf file kmeans_weight_0_500_1//cluster.0/153.rmf3
linking coordinates for frame 0 rmf file kmeans_weight_0_500_1//cluster.0/118.rmf3
linking coordinates for frame 0 rmf file kmeans_weight_0_500_1//cluster.0/11.rmf3
linking coordinates for frame 0 rmf file kmeans_weight_0_500_1//cluster.0/20.rmf3
linking coordinates for frame 0 rmf file kmeans_weight_0_500_1//cluster.0/82.rmf3
linking coordinates for frame 0 rmf file kmeans_weight_0_500_1//cluster.0/129.rmf3
linking coordinates for frame 0 rmf file kmeans_weight_0_500_1//cluster.0/162.rmf3
linking coordinates for frame 0 rmf file kmeans_weight_0_500_1//cluster.0/42.rmf3
linking coordinates for frame 0 rmf file kmeans_weight_0_500_1//cluster.0/100.rmf3
linking coordinates for frame 0 rmf file kmeans_weight_0_500_1//cluster.0/5.rmf3
linking coordinates for frame 0 rmf file kmeans_weight_0_500_1//cluster.0/131.rmf3
linking coordinates for frame 0 rmf file kmeans_weight_0_500_1//cluster.0/73.rmf3
linking coordinates for frame 0 rmf file kmeans_weight_0_500_1//cluster.0/38.rmf3
linking coordinates for frame 0 rmf file kmeans_weight_0_500_1//cluster.0/193.rmf3
linking coordinates for frame 0 rmf file kmeans_weight_0_500_1//cluster.0/36.rmf3
linking coordinates for frame 0 rmf file kmeans_weight_0_500_1//cluster.0/174.rmf3
linking coordinates for frame 0 rmf file kmeans_weight_0_500_1//cluster.0/94.rmf3
linking coordinates for frame 0 rmf file kmeans_weight_0_500_1//cluster.0/145.rmf3
linking coordinates for frame 0 rmf file kmeans_weight_0_500_1//cluster.0/127.rmf3
linking coordinates for frame 0 rmf file kmeans_weight_0_500_1//cluster.0/185.rmf3
linking coordinates for frame 0 rmf file kmeans_weight_0_500_1//cluster.0/65.rmf3
linking coordinates for frame 0 rmf file kmeans_weight_0_500_1//cluster.0/54.rmf3
linking coordinates for frame 0 rmf file kmeans_weight_0_500_1//cluster.0/116.rmf3
linking coordinates for frame 0 rmf file kmeans_weight_0_500_1//cluster.0/141.rmf3
linking coordinates for frame 0 rmf file kmeans_weight_0_500_1//cluster.0/48.rmf3
linking coordinates for frame 0 rmf file kmeans_weight_0_500_1//cluster.0/32.rmf3
linking coordinates for frame 0 rmf file kmeans_weight_0_500_1//cluster.0/79.rmf3
linking coordinates for frame 0 rmf file kmeans_weight_0_500_1//cluster.0/199.rmf3
linking coordinates for frame 0 rmf file kmeans_weight_0_500_1//cluster.0/170.rmf3
linking coordinates for frame 0 rmf file kmeans_weight_0_500_1//cluster.0/90.rmf3
linking coordinates for frame 0 rmf file kmeans_weight_0_500_1//cluster.0/50.rmf3
linking coordinates for frame 0 rmf file kmeans_weight_0_500_1//cluster.0/112.rmf3
linking coordinates for frame 0 rmf file kmeans_weight_0_500_1//cluster.0/159.rmf3
linking coordinates for frame 0 rmf file kmeans_weight_0_500_1//cluster.0/88.rmf3
linking coordinates for frame 0 rmf file kmeans_weight_0_500_1//cluster.0/168.rmf3
linking coordinates for frame 0 rmf file kmeans_weight_0_500_1//cluster.0/123.rmf3
linking coordinates for frame 0 rmf file kmeans_weight_0_500_1//cluster.0/181.rmf3
linking coordinates for frame 0 rmf file kmeans_weight_0_500_1//cluster.0/61.rmf3
linking coordinates for frame 0 rmf file kmeans_weight_0_500_1//cluster.0/164.rmf3
linking coordinates for frame 0 rmf file kmeans_weight_0_500_1//cluster.0/84.rmf3
linking coordinates for frame 0 rmf file kmeans_weight_0_500_1//cluster.0/26.rmf3
linking coordinates for frame 0 rmf file kmeans_weight_0_500_1//cluster.0/17.rmf3
linking coordinates for frame 0 rmf file kmeans_weight_0_500_1//cluster.0/155.rmf3
linking coordinates for frame 0 rmf file kmeans_weight_0_500_1//cluster.0/195.rmf3
linking coordinates for frame 0 rmf file kmeans_weight_0_500_1//cluster.0/75.rmf3
linking coordinates for frame 0 rmf file kmeans_weight_0_500_1//cluster.0/137.rmf3
linking coordinates for frame 0 rmf file kmeans_weight_0_500_1//cluster.0/3.rmf3
linking coordinates for frame 0 rmf file kmeans_weight_0_500_1//cluster.0/106.rmf3
linking coordinates for frame 0 rmf file kmeans_weight_0_500_1//cluster.0/44.rmf3
linking coordinates for frame 0 rmf file kmeans_weight_0_500_1//cluster.0/13.rmf3
linking coordinates for frame 0 rmf file kmeans_weight_0_500_1//cluster.0/58.rmf3
linking coordinates for frame 0 rmf file kmeans_weight_0_500_1//cluster.0/151.rmf3
linking coordinates for frame 0 rmf file kmeans_weight_0_500_1//cluster.0/160.rmf3
linking coordinates for frame 0 rmf file kmeans_weight_0_500_1//cluster.0/80.rmf3
linking coordinates for frame 0 rmf file kmeans_weight_0_500_1//cluster.0/69.rmf3
linking coordinates for frame 0 rmf file kmeans_weight_0_500_1//cluster.0/22.rmf3
linking coordinates for frame 0 rmf file kmeans_weight_0_500_1//cluster.0/189.rmf3
linking coordinates for frame 0 rmf file kmeans_weight_0_500_1//cluster.0/7.rmf3
linking coordinates for frame 0 rmf file kmeans_weight_0_500_1//cluster.0/149.rmf3
linking coordinates for frame 0 rmf file kmeans_weight_0_500_1//cluster.0/102.rmf3
linking coordinates for frame 0 rmf file kmeans_weight_0_500_1//cluster.0/40.rmf3
linking coordinates for frame 0 rmf file kmeans_weight_0_500_1//cluster.0/191.rmf3
linking coordinates for frame 0 rmf file kmeans_weight_0_500_1//cluster.0/71.rmf3
linking coordinates for frame 0 rmf file kmeans_weight_0_500_1//cluster.0/98.rmf3
linking coordinates for frame 0 rmf file kmeans_weight_0_500_1//cluster.0/133.rmf3
linking coordinates for frame 0 rmf file kmeans_weight_0_500_1//cluster.0/178.rmf3
linking coordinates for frame 0 rmf file kmeans_weight_0_500_1//cluster.0/85.rmf3
linking coordinates for frame 0 rmf file kmeans_weight_0_500_1//cluster.0/165.rmf3
linking coordinates for frame 0 rmf file kmeans_weight_0_500_1//cluster.0/27.rmf3
linking coordinates for frame 0 rmf file kmeans_weight_0_500_1//cluster.0/16.rmf3
linking coordinates for frame 0 rmf file kmeans_weight_0_500_1//cluster.0/154.rmf3
linking coordinates for frame 0 rmf file kmeans_weight_0_500_1//cluster.0/74.rmf3
linking coordinates for frame 0 rmf file kmeans_weight_0_500_1//cluster.0/194.rmf3
linking coordinates for frame 0 rmf file kmeans_weight_0_500_1//cluster.0/136.rmf3
linking coordinates for frame 0 rmf file kmeans_weight_0_500_1//cluster.0/107.rmf3
linking coordinates for frame 0 rmf file kmeans_weight_0_500_1//cluster.0/2.rmf3
linking coordinates for frame 0 rmf file kmeans_weight_0_500_1//cluster.0/45.rmf3
linking coordinates for frame 0 rmf file kmeans_weight_0_500_1//cluster.0/59.rmf3
linking coordinates for frame 0 rmf file kmeans_weight_0_500_1//cluster.0/12.rmf3
linking coordinates for frame 0 rmf file kmeans_weight_0_500_1//cluster.0/150.rmf3
linking coordinates for frame 0 rmf file kmeans_weight_0_500_1//cluster.0/81.rmf3
linking coordinates for frame 0 rmf file kmeans_weight_0_500_1//cluster.0/161.rmf3
linking coordinates for frame 0 rmf file kmeans_weight_0_500_1//cluster.0/188.rmf3
linking coordinates for frame 0 rmf file kmeans_weight_0_500_1//cluster.0/23.rmf3
linking coordinates for frame 0 rmf file kmeans_weight_0_500_1//cluster.0/68.rmf3
linking coordinates for frame 0 rmf file kmeans_weight_0_500_1//cluster.0/103.rmf3
linking coordinates for frame 0 rmf file kmeans_weight_0_500_1//cluster.0/148.rmf3
linking coordinates for frame 0 rmf file kmeans_weight_0_500_1//cluster.0/6.rmf3
linking coordinates for frame 0 rmf file kmeans_weight_0_500_1//cluster.0/41.rmf3
linking coordinates for frame 0 rmf file kmeans_weight_0_500_1//cluster.0/70.rmf3
linking coordinates for frame 0 rmf file kmeans_weight_0_500_1//cluster.0/190.rmf3
linking coordinates for frame 0 rmf file kmeans_weight_0_500_1//cluster.0/179.rmf3
linking coordinates for frame 0 rmf file kmeans_weight_0_500_1//cluster.0/132.rmf3
linking coordinates for frame 0 rmf file kmeans_weight_0_500_1//cluster.0/99.rmf3
linking coordinates for frame 0 rmf file kmeans_weight_0_500_1//cluster.0/37.rmf3
linking coordinates for frame 0 rmf file kmeans_weight_0_500_1//cluster.0/95.rmf3
linking coordinates for frame 0 rmf file kmeans_weight_0_500_1//cluster.0/175.rmf3
linking coordinates for frame 0 rmf file kmeans_weight_0_500_1//cluster.0/144.rmf3
linking coordinates for frame 0 rmf file kmeans_weight_0_500_1//cluster.0/126.rmf3
linking coordinates for frame 0 rmf file kmeans_weight_0_500_1//cluster.0/64.rmf3
linking coordinates for frame 0 rmf file kmeans_weight_0_500_1//cluster.0/184.rmf3
linking coordinates for frame 0 rmf file kmeans_weight_0_500_1//cluster.0/55.rmf3
linking coordinates for frame 0 rmf file kmeans_weight_0_500_1//cluster.0/117.rmf3
linking coordinates for frame 0 rmf file kmeans_weight_0_500_1//cluster.0/140.rmf3
linking coordinates for frame 0 rmf file kmeans_weight_0_500_1//cluster.0/49.rmf3
linking coordinates for frame 0 rmf file kmeans_weight_0_500_1//cluster.0/198.rmf3
linking coordinates for frame 0 rmf file kmeans_weight_0_500_1//cluster.0/78.rmf3
linking coordinates for frame 0 rmf file kmeans_weight_0_500_1//cluster.0/33.rmf3
linking coordinates for frame 0 rmf file kmeans_weight_0_500_1//cluster.0/91.rmf3
linking coordinates for frame 0 rmf file kmeans_weight_0_500_1//cluster.0/171.rmf3
linking coordinates for frame 0 rmf file kmeans_weight_0_500_1//cluster.0/51.rmf3
linking coordinates for frame 0 rmf file kmeans_weight_0_500_1//cluster.0/158.rmf3
linking coordinates for frame 0 rmf file kmeans_weight_0_500_1//cluster.0/113.rmf3
linking coordinates for frame 0 rmf file kmeans_weight_0_500_1//cluster.0/122.rmf3
linking coordinates for frame 0 rmf file kmeans_weight_0_500_1//cluster.0/169.rmf3
linking coordinates for frame 0 rmf file kmeans_weight_0_500_1//cluster.0/89.rmf3
linking coordinates for frame 0 rmf file kmeans_weight_0_500_1//cluster.0/60.rmf3
linking coordinates for frame 0 rmf file kmeans_weight_0_500_1//cluster.0/180.rmf3
linking coordinates for frame 0 rmf file ../c3-native/native.rmf3
All average rmsd 26.5504675821 median 25.7433207972 minimum distance 11.2852749929
ANA average rmsd 17.9803393471 median 17.9189464704 minimum distance 8.22727480564
TED average rmsd 33.3278277758 median 32.5612323145 minimum distance 7.90935998419
MG7 average rmsd 19.0086015744 median 17.4614555788 minimum distance 5.15977441325
CUBf_CUBg average rmsd 42.8810816113 median 43.2605359228 minimum distance 6.44187674516
beta_ANT_MG6beta average rmsd 1.40933094696 median 1.4172649503 minimum distance 0.954412365149
MG8 average rmsd 25.296509286 median 25.043728222 minimum distance 4.68399035265
Anchor_C345C average rmsd 50.6988442606 median 49.0623126194 minimum distance 15.1101001802
None
