beta kmeans_weight_0_500_1/cluster.0/ average centroid distance 1.50703220133
beta kmeans_weight_0_500_1/cluster.0/ centroid index 14
beta kmeans_weight_0_500_1/cluster.0/ centroid rmf name ('kmeans_weight_0_500_1/cluster.0/182.rmf3', 0)
beta kmeans_weight_0_500_1/cluster.0/ kmeans_weight_0_500_1/cluster.0/ average pairwise distance 1.7269207497
MG7 kmeans_weight_0_500_1/cluster.0/ average centroid distance 6.64031354252
MG7 kmeans_weight_0_500_1/cluster.0/ centroid index 14
MG7 kmeans_weight_0_500_1/cluster.0/ centroid rmf name ('kmeans_weight_0_500_1/cluster.0/182.rmf3', 0)
MG7 kmeans_weight_0_500_1/cluster.0/ kmeans_weight_0_500_1/cluster.0/ average pairwise distance 8.85177054442
Anchor_C345C kmeans_weight_0_500_1/cluster.0/ average centroid distance 14.6201570772
Anchor_C345C kmeans_weight_0_500_1/cluster.0/ centroid index 12
Anchor_C345C kmeans_weight_0_500_1/cluster.0/ centroid rmf name ('kmeans_weight_0_500_1/cluster.0/119.rmf3', 0)
Anchor_C345C kmeans_weight_0_500_1/cluster.0/ kmeans_weight_0_500_1/cluster.0/ average pairwise distance 18.8582560268
CUBf_CUBg kmeans_weight_0_500_1/cluster.0/ average centroid distance 19.7534261875
CUBf_CUBg kmeans_weight_0_500_1/cluster.0/ centroid index 6
CUBf_CUBg kmeans_weight_0_500_1/cluster.0/ centroid rmf name ('kmeans_weight_0_500_1/cluster.0/132.rmf3', 0)
CUBf_CUBg kmeans_weight_0_500_1/cluster.0/ kmeans_weight_0_500_1/cluster.0/ average pairwise distance 23.2068796744
beta_ANT_MG6beta kmeans_weight_0_500_1/cluster.0/ average centroid distance 1.56238270177
beta_ANT_MG6beta kmeans_weight_0_500_1/cluster.0/ centroid index 14
beta_ANT_MG6beta kmeans_weight_0_500_1/cluster.0/ centroid rmf name ('kmeans_weight_0_500_1/cluster.0/182.rmf3', 0)
beta_ANT_MG6beta kmeans_weight_0_500_1/cluster.0/ kmeans_weight_0_500_1/cluster.0/ average pairwise distance 1.79393894568
alpha kmeans_weight_0_500_1/cluster.0/ average centroid distance 13.5330702425
alpha kmeans_weight_0_500_1/cluster.0/ centroid index 12
alpha kmeans_weight_0_500_1/cluster.0/ centroid rmf name ('kmeans_weight_0_500_1/cluster.0/119.rmf3', 0)
alpha kmeans_weight_0_500_1/cluster.0/ kmeans_weight_0_500_1/cluster.0/ average pairwise distance 15.4316227468
MG8 kmeans_weight_0_500_1/cluster.0/ average centroid distance 11.4024124718
MG8 kmeans_weight_0_500_1/cluster.0/ centroid index 3
MG8 kmeans_weight_0_500_1/cluster.0/ centroid rmf name ('kmeans_weight_0_500_1/cluster.0/92.rmf3', 0)
MG8 kmeans_weight_0_500_1/cluster.0/ kmeans_weight_0_500_1/cluster.0/ average pairwise distance 13.49266669
TED kmeans_weight_0_500_1/cluster.0/ average centroid distance 9.77092749195
TED kmeans_weight_0_500_1/cluster.0/ centroid index 14
TED kmeans_weight_0_500_1/cluster.0/ centroid rmf name ('kmeans_weight_0_500_1/cluster.0/182.rmf3', 0)
TED kmeans_weight_0_500_1/cluster.0/ kmeans_weight_0_500_1/cluster.0/ average pairwise distance 12.0787526354
All kmeans_weight_0_500_1/cluster.0/ average centroid distance 10.436425727
All kmeans_weight_0_500_1/cluster.0/ centroid index 12
All kmeans_weight_0_500_1/cluster.0/ centroid rmf name ('kmeans_weight_0_500_1/cluster.0/119.rmf3', 0)
All kmeans_weight_0_500_1/cluster.0/ kmeans_weight_0_500_1/cluster.0/ average pairwise distance 11.8748407305
