All kmeans_weight_0_500_2/cluster.0/ average centroid distance 16.2404436188
All kmeans_weight_0_500_2/cluster.0/ centroid index 53
All kmeans_weight_0_500_2/cluster.0/ centroid rmf name ('kmeans_weight_0_500_2/cluster.0/80.rmf3', 0)
All kmeans_weight_0_500_2/cluster.0/ median centroid distance  14.1045430299
All kmeans_weight_0_500_2/cluster.0/ kmeans_weight_0_500_2/cluster.0/ average pairwise distance 21.0434794612
ANA kmeans_weight_0_500_2/cluster.0/ average centroid distance 19.1258979771
ANA kmeans_weight_0_500_2/cluster.0/ centroid index 74
ANA kmeans_weight_0_500_2/cluster.0/ centroid rmf name ('kmeans_weight_0_500_2/cluster.0/33.rmf3', 0)
ANA kmeans_weight_0_500_2/cluster.0/ median centroid distance  14.4271087483
ANA kmeans_weight_0_500_2/cluster.0/ kmeans_weight_0_500_2/cluster.0/ average pairwise distance 25.7359250841
alpha kmeans_weight_0_500_2/cluster.0/ average centroid distance 20.8320054177
alpha kmeans_weight_0_500_2/cluster.0/ centroid index 53
alpha kmeans_weight_0_500_2/cluster.0/ centroid rmf name ('kmeans_weight_0_500_2/cluster.0/80.rmf3', 0)
alpha kmeans_weight_0_500_2/cluster.0/ median centroid distance  18.0960707089
alpha kmeans_weight_0_500_2/cluster.0/ kmeans_weight_0_500_2/cluster.0/ average pairwise distance 27.0010739828
TED kmeans_weight_0_500_2/cluster.0/ average centroid distance 18.2020812367
TED kmeans_weight_0_500_2/cluster.0/ centroid index 44
TED kmeans_weight_0_500_2/cluster.0/ centroid rmf name ('kmeans_weight_0_500_2/cluster.0/44.rmf3', 0)
TED kmeans_weight_0_500_2/cluster.0/ median centroid distance  16.0213966602
TED kmeans_weight_0_500_2/cluster.0/ kmeans_weight_0_500_2/cluster.0/ average pairwise distance 24.9893495094
beta kmeans_weight_0_500_2/cluster.0/ average centroid distance 1.28741064489
beta kmeans_weight_0_500_2/cluster.0/ centroid index 53
beta kmeans_weight_0_500_2/cluster.0/ centroid rmf name ('kmeans_weight_0_500_2/cluster.0/80.rmf3', 0)
beta kmeans_weight_0_500_2/cluster.0/ median centroid distance  1.29370435449
beta kmeans_weight_0_500_2/cluster.0/ kmeans_weight_0_500_2/cluster.0/ average pairwise distance 1.46414583132
MG7 kmeans_weight_0_500_2/cluster.0/ average centroid distance 9.47077305005
MG7 kmeans_weight_0_500_2/cluster.0/ centroid index 48
MG7 kmeans_weight_0_500_2/cluster.0/ centroid rmf name ('kmeans_weight_0_500_2/cluster.0/0.rmf3', 0)
MG7 kmeans_weight_0_500_2/cluster.0/ median centroid distance  8.59986212136
MG7 kmeans_weight_0_500_2/cluster.0/ kmeans_weight_0_500_2/cluster.0/ average pairwise distance 12.6843776191
CUBf_CUBg kmeans_weight_0_500_2/cluster.0/ average centroid distance 19.9061188485
CUBf_CUBg kmeans_weight_0_500_2/cluster.0/ centroid index 44
CUBf_CUBg kmeans_weight_0_500_2/cluster.0/ centroid rmf name ('kmeans_weight_0_500_2/cluster.0/44.rmf3', 0)
CUBf_CUBg kmeans_weight_0_500_2/cluster.0/ median centroid distance  17.4672211056
CUBf_CUBg kmeans_weight_0_500_2/cluster.0/ kmeans_weight_0_500_2/cluster.0/ average pairwise distance 26.2876203926
beta_ANT_MG6beta kmeans_weight_0_500_2/cluster.0/ average centroid distance 1.35170339569
beta_ANT_MG6beta kmeans_weight_0_500_2/cluster.0/ centroid index 11
beta_ANT_MG6beta kmeans_weight_0_500_2/cluster.0/ centroid rmf name ('kmeans_weight_0_500_2/cluster.0/25.rmf3', 0)
beta_ANT_MG6beta kmeans_weight_0_500_2/cluster.0/ median centroid distance  1.33259465147
beta_ANT_MG6beta kmeans_weight_0_500_2/cluster.0/ kmeans_weight_0_500_2/cluster.0/ average pairwise distance 1.52934864229
MG8 kmeans_weight_0_500_2/cluster.0/ average centroid distance 25.0136452168
MG8 kmeans_weight_0_500_2/cluster.0/ centroid index 74
MG8 kmeans_weight_0_500_2/cluster.0/ centroid rmf name ('kmeans_weight_0_500_2/cluster.0/33.rmf3', 0)
MG8 kmeans_weight_0_500_2/cluster.0/ median centroid distance  17.3366672453
MG8 kmeans_weight_0_500_2/cluster.0/ kmeans_weight_0_500_2/cluster.0/ average pairwise distance 34.7487215172
Anchor_C345C kmeans_weight_0_500_2/cluster.0/ average centroid distance 21.1599791891
Anchor_C345C kmeans_weight_0_500_2/cluster.0/ centroid index 56
Anchor_C345C kmeans_weight_0_500_2/cluster.0/ centroid rmf name ('kmeans_weight_0_500_2/cluster.0/65.rmf3', 0)
Anchor_C345C kmeans_weight_0_500_2/cluster.0/ median centroid distance  17.4124972699
Anchor_C345C kmeans_weight_0_500_2/cluster.0/ kmeans_weight_0_500_2/cluster.0/ average pairwise distance 29.0270117369
